<?xml version="1.0" encoding="UTF-8"?>
<!-- Generated by org.testng.reporters.JUnitReportReporter -->
<testsuite hostname="ip-172-31-93-140" name="test.First_TestNG" tests="1" failures="0" timestamp="15 Jan 2022 15:36:01 GMT" time="0.012" errors="0">
  <testcase name="verifyHomepageTitle" time="0.012" classname="test.First_TestNG"/>
</testsuite> <!-- test.First_TestNG -->
